<?xml version="1.0" encoding="UTF-8"?>
<!-- Generated by org.testng.reporters.JUnitReportReporter -->
<testsuite hostname="MS-DT-056" name="Functional_TestCases.ReviewsAndRatings.mSupply_Review_Rating_007_Test" tests="1" failures="0" timestamp="6 Jun 2016 11:49:13 GMT" time="513.469" errors="0">
  <testcase name="mSupply_Review_Rating_007" time="513.469" classname="Functional_TestCases.ReviewsAndRatings.mSupply_Review_Rating_007_Test"/>
</testsuite> <!-- Functional_TestCases.ReviewsAndRatings.mSupply_Review_Rating_007_Test -->
