<?xml version="1.0" encoding="UTF-8"?>
<!-- Generated by org.testng.reporters.JUnitReportReporter -->
<testsuite hostname="SANDEEP" name="Functional_TestCases.ReviewsAndRatings.mSupply_Product_Review_Rating_005_Test" tests="1" failures="0" timestamp="10 Jul 2016 21:47:10 GMT" time="339.600" errors="0">
  <testcase name="mSupply_Product_Review_Rating_005" time="339.600" classname="Functional_TestCases.ReviewsAndRatings.mSupply_Product_Review_Rating_005_Test"/>
</testsuite> <!-- Functional_TestCases.ReviewsAndRatings.mSupply_Product_Review_Rating_005_Test -->
