<?xml version="1.0" encoding="UTF-8"?>
<!-- Generated by org.testng.reporters.JUnitReportReporter -->
<testsuite hostname="SANDEEP" name="Functional_TestCases.ReviewsAndRatings.Captcha" tests="1" failures="0" timestamp="12 Jun 2016 18:29:46 GMT" time="189.156" errors="0">
  <testcase name="function" time="189.156" classname="Functional_TestCases.ReviewsAndRatings.Captcha"/>
</testsuite> <!-- Functional_TestCases.ReviewsAndRatings.Captcha -->
