<?xml version="1.0" encoding="UTF-8"?>
<!-- Generated by org.testng.reporters.JUnitReportReporter -->
<testsuite hostname="SANDEEP" name="Functional_TestCases.ReviewsAndRatings.mSupply_Review_Rating_003_Test" tests="3" failures="0" timestamp="11 Jun 2016 09:10:18 GMT" time="149.049" errors="0">
  <testcase name="Reviews" time="96.498" classname="Functional_TestCases.ReviewsAndRatings.mSupply_Review_Rating_003_Test"/>
  <testcase name="ValidateNumberOfReviews" time="20.144" classname="Functional_TestCases.ReviewsAndRatings.mSupply_Review_Rating_003_Test"/>
  <testcase name="getPendingReviews" time="32.407" classname="Functional_TestCases.ReviewsAndRatings.mSupply_Review_Rating_003_Test"/>
</testsuite> <!-- Functional_TestCases.ReviewsAndRatings.mSupply_Review_Rating_003_Test -->
