<?xml version="1.0" encoding="UTF-8"?>
<!-- Generated by org.testng.reporters.JUnitReportReporter -->
<testsuite hostname="SANDEEP" name="Functional_TestCases_Plumbing.mSupply_Plumbing_PipesFittings_030_Test" tests="1" failures="0" timestamp="19 Jun 2016 22:33:02 GMT" time="230.431" errors="0">
  <testcase name="mSupply_Plumbing_PipesFittings_031" time="230.431" classname="Functional_TestCases_Plumbing.mSupply_Plumbing_PipesFittings_030_Test"/>
</testsuite> <!-- Functional_TestCases_Plumbing.mSupply_Plumbing_PipesFittings_030_Test -->
