<?xml version="1.0" encoding="UTF-8"?>
<!-- Generated by org.testng.reporters.JUnitReportReporter -->
<testsuite hostname="SANDEEP" name="Functional_TestCase_HomePage.msupply_HomePage_FooterSections_Test" tests="1" failures="0" timestamp="13 Jul 2016 20:34:17 GMT" time="1675.322" errors="0">
  <testcase name="msupply_HomePage_FooterSections" time="1675.322" classname="Functional_TestCase_HomePage.msupply_HomePage_FooterSections_Test"/>
</testsuite> <!-- Functional_TestCase_HomePage.msupply_HomePage_FooterSections_Test -->
