<?xml version="1.0" encoding="UTF-8"?>
<!-- Generated by org.testng.reporters.JUnitReportReporter -->
<testsuite hostname="MS-DT-056" name="Functional_TestCases.ReviewsAndRatings.mSupply_Review_Rating_002_Test" tests="1" failures="0" timestamp="3 Jun 2016 14:08:08 GMT" time="305.408" errors="0">
  <testcase name="mSupply_Review_Rating_001" time="305.408" classname="Functional_TestCases.ReviewsAndRatings.mSupply_Review_Rating_002_Test"/>
</testsuite> <!-- Functional_TestCases.ReviewsAndRatings.mSupply_Review_Rating_002_Test -->
