<?xml version="1.0" encoding="UTF-8"?>
<!-- Generated by org.testng.reporters.JUnitReportReporter -->
<testsuite hostname="MS-DT-056" name="Functional_TestCase_HomePage.msupply_HomePage_HeroImage_And_MarketingPromos_Test" tests="1" failures="0" timestamp="14 Jul 2016 05:13:11 GMT" time="545.603" errors="0">
  <testcase name="msupply_HomePage_HeroImage_And_MarketingPromos" time="545.603" classname="Functional_TestCase_HomePage.msupply_HomePage_HeroImage_And_MarketingPromos_Test"/>
</testsuite> <!-- Functional_TestCase_HomePage.msupply_HomePage_HeroImage_And_MarketingPromos_Test -->
