<?xml version="1.0" encoding="UTF-8"?>
<!-- Generated by org.testng.reporters.JUnitReportReporter -->
<testsuite hostname="MS-DT-056" name="Functional_TestCase_HomePage.mSupply_HomePage_005_Test" tests="1" failures="0" timestamp="7 Jul 2016 11:01:44 GMT" time="323.604" errors="0">
  <testcase name="mSupply_HomePage_005" time="323.604" classname="Functional_TestCase_HomePage.mSupply_HomePage_005_Test"/>
</testsuite> <!-- Functional_TestCase_HomePage.mSupply_HomePage_005_Test -->
