<?xml version="1.0" encoding="UTF-8"?>
<!-- Generated by org.testng.reporters.JUnitReportReporter -->
<testsuite hostname="MS-DT-056" name="Demo.PostRequest" tests="1" failures="0" timestamp="27 Jun 2016 10:26:10 GMT" time="0.974" errors="0">
  <testcase name="aptTesting" time="0.974" classname="Demo.PostRequest"/>
</testsuite> <!-- Demo.PostRequest -->
