<?xml version="1.0" encoding="UTF-8"?>
<!-- Generated by org.testng.reporters.JUnitReportReporter -->
<testsuite hostname="MS-DT-056" name="SanityTest.Homepage_Test" tests="1" failures="0" timestamp="31 May 2016 05:51:19 GMT" time="199.582" errors="0">
  <testcase name="HomePage_verification" time="199.582" classname="SanityTest.Homepage_Test"/>
</testsuite> <!-- SanityTest.Homepage_Test -->
