<?xml version="1.0" encoding="UTF-8"?>
<!-- Generated by org.testng.reporters.JUnitReportReporter -->
<testsuite hostname="MS-DT-056" name="Functional_TestCases.ReviewsAndRatings.demo" tests="1" failures="0" timestamp="17 Jun 2016 09:20:26 GMT" time="37.607" errors="0">
  <testcase name="fun" time="37.607" classname="Functional_TestCases.ReviewsAndRatings.demo"/>
</testsuite> <!-- Functional_TestCases.ReviewsAndRatings.demo -->
