<?xml version="1.0" encoding="UTF-8"?>
<!-- Generated by org.testng.reporters.JUnitReportReporter -->
<testsuite hostname="SANDEEP" name="Functional_TestCases.ReviewsAndRatings.mSupply_Product_Review_Rating_002_Test" tests="1" failures="0" timestamp="10 Jul 2016 21:32:48 GMT" time="409.251" errors="0">
  <testcase name="mSupply_Product_Review_Rating_002" time="409.251" classname="Functional_TestCases.ReviewsAndRatings.mSupply_Product_Review_Rating_002_Test"/>
</testsuite> <!-- Functional_TestCases.ReviewsAndRatings.mSupply_Product_Review_Rating_002_Test -->
