<?xml version="1.0" encoding="UTF-8"?>
<!-- Generated by org.testng.reporters.JUnitReportReporter -->
<testsuite hostname="MS-DT-056" name="SanityTest.Product_MOQ_Verification_Test" tests="1" failures="0" timestamp="26 May 2016 13:46:24 GMT" time="203.416" errors="0">
  <testcase name="Product_MOQ_Verification" time="203.416" classname="SanityTest.Product_MOQ_Verification_Test"/>
</testsuite> <!-- SanityTest.Product_MOQ_Verification_Test -->
