<?xml version="1.0" encoding="UTF-8"?>
<!-- Generated by org.testng.reporters.JUnitReportReporter -->
<testsuite hostname="MS-DT-056" name="Demo.Demo" tests="1" failures="0" timestamp="11 Jul 2016 13:42:33 GMT" time="30.767" errors="0">
  <testcase name="main" time="30.767" classname="Demo.Demo"/>
</testsuite> <!-- Demo.Demo -->
