<?xml version="1.0" encoding="UTF-8"?>
<!-- Generated by org.testng.reporters.JUnitReportReporter -->
<testsuite hostname="MS-DT-056" name="SanityTest.Login" tests="1" failures="0" timestamp="28 Mar 2016 12:01:15 GMT" time="7.776" errors="0">
  <testcase name="LoginTomsupply" time="7.776" classname="SanityTest.Login"/>
</testsuite> <!-- SanityTest.Login -->
