<?xml version="1.0" encoding="UTF-8"?>
<!-- Generated by org.testng.reporters.JUnitReportReporter -->
<testsuite hostname="SANDEEP" name="Functional_TestCases.ReviewsAndRatings.mSupply_Product_Review_Rating_006_Test" tests="2" failures="0" timestamp="10 Jul 2016 21:55:43 GMT" time="453.155" errors="0">
  <testcase name="Reviews" time="199.949" classname="Functional_TestCases.ReviewsAndRatings.mSupply_Product_Review_Rating_006_Test"/>
  <testcase name="addReviewsToProduct" time="253.206" classname="Functional_TestCases.ReviewsAndRatings.mSupply_Product_Review_Rating_006_Test"/>
</testsuite> <!-- Functional_TestCases.ReviewsAndRatings.mSupply_Product_Review_Rating_006_Test -->
