<?xml version="1.0" encoding="UTF-8"?>
<!-- Generated by org.testng.reporters.JUnitReportReporter -->
<testsuite hostname="MS-DT-056" name="Functional_TestCases.ReviewsAndRatings.Demo" tests="1" failures="0" timestamp="1 Jun 2016 09:15:19 GMT" time="9.647" errors="0">
  <testcase name="function" time="9.647" classname="Functional_TestCases.ReviewsAndRatings.Demo"/>
</testsuite> <!-- Functional_TestCases.ReviewsAndRatings.Demo -->
