<?xml version="1.0" encoding="UTF-8"?>
<!-- Generated by org.testng.reporters.JUnitReportReporter -->
<testsuite hostname="MS-DT-056" name="SanityTest.Product_MOQ_Verification_Test" tests="1" failures="0" timestamp="24 Jun 2016 05:18:10 GMT" time="205.122" errors="0">
  <testcase name="Product_MOQ_Verification" time="205.122" classname="SanityTest.Product_MOQ_Verification_Test"/>
</testsuite> <!-- SanityTest.Product_MOQ_Verification_Test -->
