<?xml version="1.0" encoding="UTF-8"?>
<!-- Generated by org.testng.reporters.JUnitReportReporter -->
<testsuite hostname="MS-DT-056" name="Functional_TestCases.ReviewsAndRatings.mSupply_Seller_Review_Rating_002_Test" tests="1" failures="0" timestamp="24 Jun 2016 12:41:45 GMT" time="249.648" errors="0">
  <testcase name="mSupply_Seller_Review_Rating_002" time="249.648" classname="Functional_TestCases.ReviewsAndRatings.mSupply_Seller_Review_Rating_002_Test"/>
</testsuite> <!-- Functional_TestCases.ReviewsAndRatings.mSupply_Seller_Review_Rating_002_Test -->
