<?xml version="1.0" encoding="UTF-8"?>
<!-- Generated by org.testng.reporters.JUnitReportReporter -->
<testsuite hostname="MS-DT-039" name="Functional_TestCase_HomePage.mSupply_HomePage_001_003_And_009_Test" tests="1" failures="0" timestamp="18 Jul 2016 07:07:21 GMT" time="384.659" errors="0">
  <testcase name="mSupply_HomePage_001_003_And_009" time="384.659" classname="Functional_TestCase_HomePage.mSupply_HomePage_001_003_And_009_Test"/>
</testsuite> <!-- Functional_TestCase_HomePage.mSupply_HomePage_001_003_And_009_Test -->
