<?xml version="1.0" encoding="UTF-8"?>
<!-- Generated by org.testng.reporters.JUnitReportReporter -->
<testsuite hostname="SANDEEP" name="Functional_TestCase_HomePage.mSupply_HomePage_004_Test" tests="1" failures="0" timestamp="10 Jul 2016 20:25:13 GMT" time="5581.687" errors="0">
  <testcase name="mSupply_HomePage_004" time="5581.687" classname="Functional_TestCase_HomePage.mSupply_HomePage_004_Test"/>
</testsuite> <!-- Functional_TestCase_HomePage.mSupply_HomePage_004_Test -->
