<?xml version="1.0" encoding="UTF-8"?>
<!-- Generated by org.testng.reporters.JUnitReportReporter -->
<testsuite hostname="MS-DT-056" name="Demo.PostRequest" tests="1" failures="0" timestamp="14 Jul 2016 07:24:32 GMT" time="0.687" errors="0">
  <testcase name="aptTesting" time="0.687" classname="Demo.PostRequest"/>
</testsuite> <!-- Demo.PostRequest -->
