<?xml version="1.0" encoding="UTF-8"?>
<!-- Generated by org.testng.reporters.JUnitReportReporter -->
<testsuite hostname="MS-DT-056" name="SanityTest.PaymentMethods_Verification_Test" tests="1" failures="0" timestamp="27 May 2016 14:05:14 GMT" time="455.135" errors="0">
  <testcase name="PaymentMethods_Verification" time="455.135" classname="SanityTest.PaymentMethods_Verification_Test"/>
</testsuite> <!-- SanityTest.PaymentMethods_Verification_Test -->
