<?xml version="1.0" encoding="UTF-8"?>
<!-- Generated by org.testng.reporters.JUnitReportReporter -->
<testsuite hostname="MS-DT-056" name="Functional_TestCases.ReviewsAndRatings.mSupply_Review_Rating_001_Test" tests="1" failures="0" timestamp="3 Jun 2016 13:57:28 GMT" time="189.158" errors="0">
  <testcase name="mSupply_Review_Rating_001" time="189.158" classname="Functional_TestCases.ReviewsAndRatings.mSupply_Review_Rating_001_Test"/>
</testsuite> <!-- Functional_TestCases.ReviewsAndRatings.mSupply_Review_Rating_001_Test -->
