<?xml version="1.0" encoding="UTF-8"?>
<!-- Generated by org.testng.reporters.JUnitReportReporter -->
<testsuite hostname="MS-DT-056" name="SanityTest.AddProductsToCart_Test" tests="1" failures="0" timestamp="3 Jun 2016 05:09:02 GMT" time="177.733" errors="0">
  <testcase name="AddProduct" time="177.733" classname="SanityTest.AddProductsToCart_Test"/>
</testsuite> <!-- SanityTest.AddProductsToCart_Test -->
