<?xml version="1.0" encoding="UTF-8"?>
<!-- Generated by org.testng.reporters.JUnitReportReporter -->
<testsuite hostname="MS-DT-056" name="SanityTest.OrderID_Verification_CashOnDelivery_Test" tests="1" failures="0" timestamp="20 May 2016 06:59:31 GMT" time="129.821" errors="0">
  <testcase name="OrderID_Verification_CashOnDelivery" time="129.821" classname="SanityTest.OrderID_Verification_CashOnDelivery_Test"/>
</testsuite> <!-- SanityTest.OrderID_Verification_CashOnDelivery_Test -->
