<?xml version="1.0" encoding="UTF-8"?>
<!-- Generated by org.testng.reporters.JUnitReportReporter -->
<testsuite hostname="MS-DT-056" name="SanityTest.OMS_Test" tests="1" failures="0" timestamp="17 May 2016 12:36:33 GMT" time="0.260" errors="0">
  <testcase name="OMSTest" time="0.260" classname="SanityTest.OMS_Test"/>
</testsuite> <!-- SanityTest.OMS_Test -->
