<?xml version="1.0" encoding="UTF-8"?>
<!-- Generated by org.testng.reporters.JUnitReportReporter -->
<testsuite hostname="MS-DT-056" name="Functional_TestCases.ReviewsAndRatings.mSupply_Seller_Review_Rating_002_Case1_Test" tests="1" failures="0" timestamp="17 Jun 2016 05:54:56 GMT" time="204.901" errors="0">
  <testcase name="mSupply_Seller_Review_Rating_002_Case1" time="204.901" classname="Functional_TestCases.ReviewsAndRatings.mSupply_Seller_Review_Rating_002_Case1_Test"/>
</testsuite> <!-- Functional_TestCases.ReviewsAndRatings.mSupply_Seller_Review_Rating_002_Case1_Test -->
