<?xml version="1.0" encoding="UTF-8"?>
<!-- Generated by org.testng.reporters.JUnitReportReporter -->
<testsuite hostname="MS-DT-056" name="Functional_TestCases.ReviewsAndRatings.mSupply_Review_Rating_002_Test" tests="1" failures="0" timestamp="9 Jun 2016 13:39:49 GMT" time="381.178" errors="0">
  <testcase name="mSupply_Review_Rating_001" time="381.178" classname="Functional_TestCases.ReviewsAndRatings.mSupply_Review_Rating_002_Test"/>
</testsuite> <!-- Functional_TestCases.ReviewsAndRatings.mSupply_Review_Rating_002_Test -->
