<?xml version="1.0" encoding="UTF-8"?>
<!-- Generated by org.testng.reporters.JUnitReportReporter -->
<testsuite hostname="SANDEEP" name="Functional_TestCases.ReviewsAndRatings.mSupply_Product_Review_Rating_003_And_004_Test" tests="4" failures="0" timestamp="10 Jul 2016 21:40:11 GMT" time="343.081" errors="0">
  <testcase name="ValidateNumberOfReviews" time="24.213" classname="Functional_TestCases.ReviewsAndRatings.mSupply_Product_Review_Rating_003_And_004_Test"/>
  <testcase name="addReviewsToProduct" time="153.220" classname="Functional_TestCases.ReviewsAndRatings.mSupply_Product_Review_Rating_003_And_004_Test"/>
  <testcase name="getPendingReviews" time="46.438" classname="Functional_TestCases.ReviewsAndRatings.mSupply_Product_Review_Rating_003_And_004_Test"/>
  <testcase name="Reviews" time="119.210" classname="Functional_TestCases.ReviewsAndRatings.mSupply_Product_Review_Rating_003_And_004_Test"/>
</testsuite> <!-- Functional_TestCases.ReviewsAndRatings.mSupply_Product_Review_Rating_003_And_004_Test -->
