<?xml version="1.0" encoding="UTF-8"?>
<!-- Generated by org.testng.reporters.JUnitReportReporter -->
<testsuite hostname="MS-DT-056" name="Functional_TestCases.ReviewsAndRatings.mSupply_Review_Rating_007_Test" tests="1" failures="0" timestamp="3 Jun 2016 13:15:07 GMT" time="170.151" errors="0">
  <testcase name="mSupply_Review_Rating_007" time="170.151" classname="Functional_TestCases.ReviewsAndRatings.mSupply_Review_Rating_007_Test"/>
</testsuite> <!-- Functional_TestCases.ReviewsAndRatings.mSupply_Review_Rating_007_Test -->
