<?xml version="1.0" encoding="UTF-8"?>
<!-- Generated by org.testng.reporters.JUnitReportReporter -->
<testsuite hostname="MS-DT-056" name="SanityTest.ServiceChargeCalculation_KartPage_Test" tests="1" failures="0" timestamp="30 May 2016 13:39:22 GMT" time="602.119" errors="0">
  <testcase name="ServiceChargeCalculation_KartPage" time="602.119" classname="SanityTest.ServiceChargeCalculation_KartPage_Test"/>
</testsuite> <!-- SanityTest.ServiceChargeCalculation_KartPage_Test -->
