<?xml version="1.0" encoding="UTF-8"?>
<!-- Generated by org.testng.reporters.JUnitReportReporter -->
<testsuite hostname="MS-DT-056" name="Functional_TestCase_HomePage.mSupply_HomePage_001_And_009_Test" tests="1" failures="0" timestamp="12 Jul 2016 11:16:02 GMT" time="296.386" errors="0">
  <testcase name="mSupply_HomePage_001_And_009" time="296.386" classname="Functional_TestCase_HomePage.mSupply_HomePage_001_And_009_Test"/>
</testsuite> <!-- Functional_TestCase_HomePage.mSupply_HomePage_001_And_009_Test -->
