<?xml version="1.0" encoding="UTF-8"?>
<!-- Generated by org.testng.reporters.JUnitReportReporter -->
<testsuite hostname="MS-DT-056" name="SanityTest.Product_MOQ_Verification_Test" tests="1" failures="0" timestamp="3 Jun 2016 05:54:52 GMT" time="210.878" errors="0">
  <testcase name="Product_MOQ_Verification" time="210.878" classname="SanityTest.Product_MOQ_Verification_Test"/>
</testsuite> <!-- SanityTest.Product_MOQ_Verification_Test -->
