<?xml version="1.0" encoding="UTF-8"?>
<!-- Generated by org.testng.reporters.JUnitReportReporter -->
<testsuite hostname="MS-DT-056" name="Functional_TestCase_HomePage.mSupply_HomePage_003_Test" tests="1" failures="0" timestamp="12 Jul 2016 11:27:23 GMT" time="89.631" errors="0">
  <testcase name="mSupply_HomePage_003" time="89.631" classname="Functional_TestCase_HomePage.mSupply_HomePage_003_Test"/>
</testsuite> <!-- Functional_TestCase_HomePage.mSupply_HomePage_003_Test -->
