<?xml version="1.0" encoding="UTF-8"?>
<!-- Generated by org.testng.reporters.JUnitReportReporter -->
<testsuite hostname="MS-DT-056" name="SanityTest.PlaceOrder_Cheque_Test" tests="1" failures="0" timestamp="24 Jun 2016 05:12:40 GMT" time="308.821" errors="0">
  <testcase name="PlaceOrder_CashOnDelivery" time="308.821" classname="SanityTest.PlaceOrder_Cheque_Test"/>
</testsuite> <!-- SanityTest.PlaceOrder_Cheque_Test -->
