<?xml version="1.0" encoding="UTF-8"?>
<!-- Generated by org.testng.reporters.JUnitReportReporter -->
<testsuite hostname="MS-DT-056" name="SanityTest.AddProductsToCart_Test" tests="1" failures="0" timestamp="27 May 2016 05:28:49 GMT" time="224.352" errors="0">
  <testcase name="AddProduct" time="224.352" classname="SanityTest.AddProductsToCart_Test"/>
</testsuite> <!-- SanityTest.AddProductsToCart_Test -->
