<?xml version="1.0" encoding="UTF-8"?>
<!-- Generated by org.testng.reporters.JUnitReportReporter -->
<testsuite hostname="SANDEEP" name="Functional_TestCases_Plumbing.mSupply_Plumbing_PipesFittings_017_Test" tests="1" failures="0" timestamp="10 Jul 2016 21:06:39 GMT" time="259.742" errors="0">
  <testcase name="mSupply_Plumbing_PipesFittings_019" time="259.742" classname="Functional_TestCases_Plumbing.mSupply_Plumbing_PipesFittings_017_Test"/>
</testsuite> <!-- Functional_TestCases_Plumbing.mSupply_Plumbing_PipesFittings_017_Test -->
