<?xml version="1.0" encoding="UTF-8"?>
<!-- Generated by org.testng.reporters.JUnitReportReporter -->
<testsuite hostname="MS-DT-056" name="SanityTest.PaymentMethods_Verification_Test" tests="1" failures="0" timestamp="14 Apr 2016 05:16:06 GMT" time="320.913" errors="0">
  <testcase name="PaymentMethods_Verification" time="320.913" classname="SanityTest.PaymentMethods_Verification_Test"/>
</testsuite> <!-- SanityTest.PaymentMethods_Verification_Test -->
