<?xml version="1.0" encoding="UTF-8"?>
<!-- Generated by org.testng.reporters.JUnitReportReporter -->
<testsuite hostname="MS-DT-056" name="SanityTest.ServiceChargeCalculation_KartPage_Test" tests="1" failures="0" timestamp="14 Apr 2016 05:16:06 GMT" time="222.749" errors="0">
  <testcase name="ServiceChargeCalculation_KartPage" time="222.749" classname="SanityTest.ServiceChargeCalculation_KartPage_Test"/>
</testsuite> <!-- SanityTest.ServiceChargeCalculation_KartPage_Test -->
