<?xml version="1.0" encoding="UTF-8"?>
<testsuite xmlns:xsi="http://www.w3.org/2001/XMLSchema-instance" xsi:schemaLocation="https://maven.apache.org/surefire/maven-surefire-plugin/xsd/surefire-test-report.xsd" name="TestSuite" time="233.813" tests="1" errors="0" skipped="0" failures="1">
  <properties>
    <property name="java.runtime.name" value="Java(TM) SE Runtime Environment"/>
    <property name="sun.boot.library.path" value="C:\Program Files\Java\jdk1.8.0_73\jre\bin"/>
    <property name="java.vm.version" value="25.73-b02"/>
    <property name="java.vm.vendor" value="Oracle Corporation"/>
    <property name="maven.multiModuleProjectDirectory" value="D:\Selenium Workspace\msupply_5"/>
    <property name="java.vendor.url" value="http://java.oracle.com/"/>
    <property name="path.separator" value=";"/>
    <property name="guice.disable.misplaced.annotation.check" value="true"/>
    <property name="java.vm.name" value="Java HotSpot(TM) 64-Bit Server VM"/>
    <property name="file.encoding.pkg" value="sun.io"/>
    <property name="user.script" value=""/>
    <property name="user.country" value="IN"/>
    <property name="sun.java.launcher" value="SUN_STANDARD"/>
    <property name="sun.os.patch.level" value=""/>
    <property name="java.vm.specification.name" value="Java Virtual Machine Specification"/>
    <property name="user.dir" value="D:\Selenium Workspace\msupply_5"/>
    <property name="java.runtime.version" value="1.8.0_73-b02"/>
    <property name="java.awt.graphicsenv" value="sun.awt.Win32GraphicsEnvironment"/>
    <property name="java.endorsed.dirs" value="C:\Program Files\Java\jdk1.8.0_73\jre\lib\endorsed"/>
    <property name="os.arch" value="amd64"/>
    <property name="java.io.tmpdir" value="C:\Users\SANDEE~1\AppData\Local\Temp\"/>
    <property name="line.separator" value="&#10;"/>
    <property name="java.vm.specification.vendor" value="Oracle Corporation"/>
    <property name="user.variant" value=""/>
    <property name="os.name" value="Windows 10"/>
    <property name="classworlds.conf" value="D:\Installed Softwares\apache-maven-3.3.9\bin\..\bin\m2.conf"/>
    <property name="sun.jnu.encoding" value="Cp1252"/>
    <property name="java.library.path" value="C:\Program Files\Java\jdk1.8.0_73\bin;C:\Windows\Sun\Java\bin;C:\Windows\system32;C:\Windows;C:\ProgramData\Oracle\Java\javapath;C:\Program Files (x86)\Intel\iCLS Client\;C:\Program Files\Intel\iCLS Client\;C:\Windows\system32;C:\Windows;C:\Windows\System32\Wbem;C:\Windows\System32\WindowsPowerShell\v1.0\;C:\Program Files (x86)\Intel\Intel(R) Management Engine Components\DAL;C:\Program Files\Intel\Intel(R) Management Engine Components\DAL;C:\Program Files (x86)\Intel\Intel(R) Management Engine Components\IPT;C:\Program Files\Intel\Intel(R) Management Engine Components\IPT;C:\Program Files\Java\jdk1.8.0_73\bin;D:\Installed Softwares\apache-maven-3.3.9\bin;C:\Program Files (x86)\Google\Chrome\Application;C:\ProgramData\Oracle\Java\javapath;C:\Program Files (x86)\Intel\iCLS Client\;C:\Program Files\Intel\iCLS Client\;C:\Windows\system32;C:\Windows;C:\Windows\System32\Wbem;C:\Windows\System32\WindowsPowerShell\v1.0\;C:\Program Files (x86)\Intel\Intel(R) Management Engine Components\DAL;C:\Program Files\Intel\Intel(R) Management Engine Components\DAL;C:\Program Files (x86)\Intel\Intel(R) Management Engine Components\IPT;C:\Program Files\Intel\Intel(R) Management Engine Components\IPT;C:\Program Files\Java\jdk1.8.0_73\bin;D:\Installed Softwares\apache-maven-3.3.9\bin;."/>
    <property name="java.specification.name" value="Java Platform API Specification"/>
    <property name="java.class.version" value="52.0"/>
    <property name="sun.management.compiler" value="HotSpot 64-Bit Tiered Compilers"/>
    <property name="os.version" value="10.0"/>
    <property name="user.home" value="C:\Users\Sandeep K"/>
    <property name="user.timezone" value="Asia/Calcutta"/>
    <property name="java.awt.printerjob" value="sun.awt.windows.WPrinterJob"/>
    <property name="java.specification.version" value="1.8"/>
    <property name="file.encoding" value="Cp1252"/>
    <property name="user.name" value="Sandeep K"/>
    <property name="java.class.path" value="D:\Installed Softwares\apache-maven-3.3.9\bin\..\boot\plexus-classworlds-2.5.2.jar"/>
    <property name="java.vm.specification.version" value="1.8"/>
    <property name="sun.arch.data.model" value="64"/>
    <property name="java.home" value="C:\Program Files\Java\jdk1.8.0_73\jre"/>
    <property name="sun.java.command" value="org.codehaus.plexus.classworlds.launcher.Launcher test"/>
    <property name="java.specification.vendor" value="Oracle Corporation"/>
    <property name="user.language" value="en"/>
    <property name="awt.toolkit" value="sun.awt.windows.WToolkit"/>
    <property name="java.vm.info" value="mixed mode"/>
    <property name="java.version" value="1.8.0_73"/>
    <property name="java.ext.dirs" value="C:\Program Files\Java\jdk1.8.0_73\jre\lib\ext;C:\Windows\Sun\Java\lib\ext"/>
    <property name="sun.boot.class.path" value="C:\Program Files\Java\jdk1.8.0_73\jre\lib\resources.jar;C:\Program Files\Java\jdk1.8.0_73\jre\lib\rt.jar;C:\Program Files\Java\jdk1.8.0_73\jre\lib\sunrsasign.jar;C:\Program Files\Java\jdk1.8.0_73\jre\lib\jsse.jar;C:\Program Files\Java\jdk1.8.0_73\jre\lib\jce.jar;C:\Program Files\Java\jdk1.8.0_73\jre\lib\charsets.jar;C:\Program Files\Java\jdk1.8.0_73\jre\lib\jfr.jar;C:\Program Files\Java\jdk1.8.0_73\jre\classes"/>
    <property name="sun.stderr.encoding" value="cp437"/>
    <property name="java.vendor" value="Oracle Corporation"/>
    <property name="maven.home" value="D:\Installed Softwares\apache-maven-3.3.9\bin\.."/>
    <property name="file.separator" value="\"/>
    <property name="java.vendor.url.bug" value="http://bugreport.sun.com/bugreport/"/>
    <property name="sun.cpu.endian" value="little"/>
    <property name="sun.io.unicode.encoding" value="UnicodeLittle"/>
    <property name="sun.stdout.encoding" value="cp437"/>
    <property name="sun.desktop" value="windows"/>
    <property name="sun.cpu.isalist" value="amd64"/>
  </properties>
  <testcase name="OrderID_Verification_CashOnDelivery" classname="SanityTest.OrderID_Verification_CashOnDelivery_Test" time="215.22">
    <failure message="Unable to locate element: {&quot;method&quot;:&quot;xpath&quot;,&quot;selector&quot;:&quot;//*[@id=&apos;my-orders-table&apos;]/tbody/tr[1]/td[1]&quot;}&#10;Command duration or timeout: 30.13 seconds&#10;For documentation on this error, please visit: http://seleniumhq.org/exceptions/no_such_element.html&#10;Build info: version: &apos;2.53.0&apos;, revision: &apos;35ae25b1534ae328c771e0856c93e187490ca824&apos;, time: &apos;2016-03-15 10:43:46&apos;&#10;System info: host: &apos;MS-DT-056&apos;, ip: &apos;10.1.1.44&apos;, os.name: &apos;Windows 10&apos;, os.arch: &apos;amd64&apos;, os.version: &apos;10.0&apos;, java.version: &apos;1.8.0_73&apos;&#10;Driver info: org.openqa.selenium.firefox.FirefoxDriver&#10;Capabilities [{applicationCacheEnabled=true, rotatable=false, handlesAlerts=true, databaseEnabled=true, version=40.0.3, platform=WINDOWS, nativeEvents=false, acceptSslCerts=true, webStorageEnabled=true, locationContextEnabled=true, browserName=firefox, takesScreenshot=true, javascriptEnabled=true, cssSelectorsEnabled=true}]&#10;Session ID: edccf51e-760b-4a29-851d-29d4ad8ff33e&#10;*** Element info: {Using=xpath, value=//*[@id=&apos;my-orders-table&apos;]/tbody/tr[1]/td[1]}" type="org.openqa.selenium.NoSuchElementException">org.openqa.selenium.NoSuchElementException: 
Unable to locate element: {"method":"xpath","selector":"//*[@id='my-orders-table']/tbody/tr[1]/td[1]"}
Command duration or timeout: 30.13 seconds
For documentation on this error, please visit: http://seleniumhq.org/exceptions/no_such_element.html
Build info: version: '2.53.0', revision: '35ae25b1534ae328c771e0856c93e187490ca824', time: '2016-03-15 10:43:46'
System info: host: 'MS-DT-056', ip: '10.1.1.44', os.name: 'Windows 10', os.arch: 'amd64', os.version: '10.0', java.version: '1.8.0_73'
Driver info: org.openqa.selenium.firefox.FirefoxDriver
Capabilities [{applicationCacheEnabled=true, rotatable=false, handlesAlerts=true, databaseEnabled=true, version=40.0.3, platform=WINDOWS, nativeEvents=false, acceptSslCerts=true, webStorageEnabled=true, locationContextEnabled=true, browserName=firefox, takesScreenshot=true, javascriptEnabled=true, cssSelectorsEnabled=true}]
Session ID: edccf51e-760b-4a29-851d-29d4ad8ff33e
*** Element info: {Using=xpath, value=//*[@id='my-orders-table']/tbody/tr[1]/td[1]}
	at SanityTest.OrderID_Verification_CashOnDelivery_Test.OrderID_Verification_CashOnDelivery(OrderID_Verification_CashOnDelivery_Test.java:21)
Caused by: org.openqa.selenium.NoSuchElementException: 
Unable to locate element: {"method":"xpath","selector":"//*[@id='my-orders-table']/tbody/tr[1]/td[1]"}
For documentation on this error, please visit: http://seleniumhq.org/exceptions/no_such_element.html
Build info: version: '2.53.0', revision: '35ae25b1534ae328c771e0856c93e187490ca824', time: '2016-03-15 10:43:46'
System info: host: 'MS-DT-056', ip: '10.1.1.44', os.name: 'Windows 10', os.arch: 'amd64', os.version: '10.0', java.version: '1.8.0_73'
Driver info: driver.version: unknown
</failure>
    <system-out><![CDATA[0    [2016-04-14 17:01:12,336] [INFO ] [Scenarios.Scenario1Test ] - WebPage Opened for AddProductLoginCheckoutTest_Cheque
177  [2016-04-14 17:01:12,513] [INFO ] [POM.HomePage ] - ............Clicked on Close Button.........
177  [2016-04-14 17:01:12,513] [INFO ] [POM.HomePage ] - ............Selecting Product from Navigation.........
177  [2016-04-14 17:01:12,513] [INFO ] [POM.HomePage ] - ............Selecting Product from Navigation.........
2310 [2016-04-14 17:01:14,646] [INFO ] [POM.HomePage ] - Moved to : Buildingmaterial_Cement_PPC
11228 [2016-04-14 17:01:23,564] [INFO ] [POM.HomePage ] - Moved to : Buildingmaterial_Cement_PPC_Nagarjuna
19165 [2016-04-14 17:01:31,501] [INFO ] [POM.HomePage ] - Moved to : zipcode_popup
20858 [2016-04-14 17:01:33,194] [INFO ] [POM.HomePage ] - Moved to : zipcode_popup_Go
30492 [2016-04-14 17:01:42,828] [INFO ] [POM.HomePage ] - Moved to : Buildingmaterial_Blocks_ConcreteCover_15mm_AddtoList
42558 [2016-04-14 17:01:54,894] [INFO ] [POM.HomePage ] - ............Selecting Electrical Product from Search Box.........
42657 [2016-04-14 17:01:54,993] [INFO ] [POM.HomePage ] - Moved to : SearchBox and entering value Electrical
51008 [2016-04-14 17:02:03,344] [INFO ] [POM.HomePage ] - Moved to : Clicked on a Electrical Product
59175 [2016-04-14 17:02:11,511] [INFO ] [POM.HomePage ] - ............Selecting Product from Home page.........
70675 [2016-04-14 17:02:23,011] [INFO ] [POM.HomePage ] - ............Click on Home Page Icon.........
86166 [2016-04-14 17:02:38,502] [INFO ] [POM.HomePage ] - ............Click on Home Page_Cement product.........
100425 [2016-04-14 17:02:52,761] [INFO ] [POM.HomePage ] - ............Click on Cement product_Add to List/Cart.........
100449 [2016-04-14 17:02:52,785] [INFO ] [POM.LoginPage ] - .........Cart Page...........
9555554444
101212 [2016-04-14 17:02:53,548] [INFO ] [POM.LoginPage ] - Mobile Number is9555554444
101329 [2016-04-14 17:02:53,665] [INFO ] [POM.LoginPage ] - Entered Mobile Number
ksandeep
101410 [2016-04-14 17:02:53,746] [INFO ] [POM.LoginPage ] - Password isksandeep
101494 [2016-04-14 17:02:53,830] [INFO ] [POM.LoginPage ] - Entered Password
101623 [2016-04-14 17:02:53,959] [INFO ] [POM.LoginPage ] - Clicked on Login Button
101951 [2016-04-14 17:02:54,287] [INFO ] [POM.PaymentCashonDelivery ] - .........Cart Page...........
119109 [2016-04-14 17:03:11,445] [INFO ] [POM.PaymentCashonDelivery ] - Clicked on Place order
127057 [2016-04-14 17:03:19,393] [INFO ] [POM.PaymentCashonDelivery ] - Clicked on a Address
128063 [2016-04-14 17:03:20,399] [INFO ] [POM.PaymentCashonDelivery ] - Clicked on SaveAndContinue Billing
134455 [2016-04-14 17:03:26,791] [INFO ] [POM.PaymentCashonDelivery ] - Clicked on Address_Shipping
134626 [2016-04-14 17:03:26,962] [INFO ] [POM.PaymentCashonDelivery ] - Clicked on SaveAndContinue_Shipping
142905 [2016-04-14 17:03:35,241] [INFO ] [POM.PaymentCashonDelivery ] - Clicked on Chequeoption
146111 [2016-04-14 17:03:38,447] [INFO ] [POM.PaymentCashonDelivery ] - Clicked on ContinueButtonPayment
176770 [2016-04-14 17:04:09,106] [INFO ] [POM.PaymentCashonDelivery ] - Order Successful (ID: 2016010490)confirmed
176770 [2016-04-14 17:04:09,106] [INFO ] [POM.PaymentCashonDelivery ] - Mouse over on Account
177338 [2016-04-14 17:04:09,674] [INFO ] [POM.PaymentCashonDelivery ] - Clicked on My Orders
]]></system-out>
  </testcase>
</testsuite>