<?xml version="1.0" encoding="UTF-8"?>
<!-- Generated by org.testng.reporters.JUnitReportReporter -->
<testsuite hostname="MS-DT-056" name="SanityTest.PlaceOrder_CashOnDelivery_Test" tests="1" failures="0" timestamp="31 May 2016 05:16:50 GMT" time="155.011" errors="0">
  <testcase name="PlaceOrder_CashOnDelivery" time="155.011" classname="SanityTest.PlaceOrder_CashOnDelivery_Test"/>
</testsuite> <!-- SanityTest.PlaceOrder_CashOnDelivery_Test -->
