<?xml version="1.0" encoding="UTF-8"?>
<!-- Generated by org.testng.reporters.JUnitReportReporter -->
<testsuite hostname="MS-DT-056" name="SanityTest.PaymentMethods_Verification_Test" tests="1" failures="0" timestamp="31 May 2016 05:16:50 GMT" time="585.101" errors="0">
  <testcase name="PaymentMethods_Verification" time="585.101" classname="SanityTest.PaymentMethods_Verification_Test"/>
</testsuite> <!-- SanityTest.PaymentMethods_Verification_Test -->
