<?xml version="1.0" encoding="UTF-8"?>
<!-- Generated by org.testng.reporters.JUnitReportReporter -->
<testsuite hostname="MS-DT-056" name="SanityTest.Homepage_Test" tests="1" failures="0" timestamp="3 Jun 2016 13:57:07 GMT" time="991.771" errors="0">
  <testcase name="HomePage_verification" time="991.771" classname="SanityTest.Homepage_Test"/>
</testsuite> <!-- SanityTest.Homepage_Test -->
