<?xml version="1.0" encoding="UTF-8"?>
<!-- Generated by org.testng.reporters.JUnitReportReporter -->
<testsuite hostname="MS-DT-056" name="SanityTest.ServiceChargeCalculation_KartPage_Test" tests="1" failures="0" timestamp="31 May 2016 05:16:50 GMT" time="582.494" errors="0">
  <testcase name="ServiceChargeCalculation_KartPage" time="582.494" classname="SanityTest.ServiceChargeCalculation_KartPage_Test"/>
</testsuite> <!-- SanityTest.ServiceChargeCalculation_KartPage_Test -->
