<?xml version="1.0" encoding="UTF-8"?>
<!-- Generated by org.testng.reporters.JUnitReportReporter -->
<testsuite hostname="MS-DT-056" name="SanityTest.AddProductsToCart_Test" tests="1" failures="0" timestamp="1 Jun 2016 12:02:53 GMT" time="194.526" errors="0">
  <testcase name="AddProduct" time="194.526" classname="SanityTest.AddProductsToCart_Test"/>
</testsuite> <!-- SanityTest.AddProductsToCart_Test -->
