<?xml version="1.0" encoding="UTF-8"?>
<!-- Generated by org.testng.reporters.JUnitReportReporter -->
<testsuite hostname="MS-DT-039" name="Functional.PipesAndFittings.PipesAndFittings_BuyingGuideLink" tests="1" failures="0" timestamp="21 May 2016 07:11:43 GMT" time="10.820" errors="0">
  <testcase name="validatePipesFittings" time="10.820" classname="Functional.PipesAndFittings.PipesAndFittings_BuyingGuideLink"/>
</testsuite> <!-- Functional.PipesAndFittings.PipesAndFittings_BuyingGuideLink -->
