<?xml version="1.0" encoding="UTF-8"?>
<!-- Generated by org.testng.reporters.JUnitReportReporter -->
<testsuite hostname="MS-DT-056" name="SanityTest.Homepage_Test" tests="1" failures="0" timestamp="13 Apr 2016 07:06:37 GMT" time="14.240" errors="0">
  <testcase name="HomePage_verification" time="14.240" classname="SanityTest.Homepage_Test"/>
</testsuite> <!-- SanityTest.Homepage_Test -->
