<?xml version="1.0" encoding="UTF-8"?>
<!-- Generated by org.testng.reporters.JUnitReportReporter -->
<testsuite hostname="MS-DT-056" name="SanityTest.ServiceChargeCalculation_FirstFourOptions_Test" tests="1" failures="0" timestamp="30 Mar 2016 09:22:35 GMT" time="238.150" errors="0">
  <testcase name="AddProductLoginCheckout" time="238.150" classname="SanityTest.ServiceChargeCalculation_FirstFourOptions_Test"/>
</testsuite> <!-- SanityTest.ServiceChargeCalculation_FirstFourOptions_Test -->
