<?xml version="1.0" encoding="UTF-8"?>
<!-- Generated by org.testng.reporters.JUnitReportReporter -->
<testsuite hostname="MS-DT-039" name="Functional.PipesAndFittings.PipesAndFittings_VerifyPressure" tests="1" failures="0" timestamp="23 May 2016 06:17:36 GMT" time="14.169" errors="0">
  <testcase name="validatePipesFittings" time="14.169" classname="Functional.PipesAndFittings.PipesAndFittings_VerifyPressure"/>
</testsuite> <!-- Functional.PipesAndFittings.PipesAndFittings_VerifyPressure -->
