<?xml version="1.0" encoding="UTF-8"?>
<!-- Generated by org.testng.reporters.JUnitReportReporter -->
<testsuite hostname="MS-DT-056" name="Scenarios.AddProductLoginCheckoutTest_Cheque" tests="1" failures="0" timestamp="15 Mar 2016 12:17:13 GMT" time="74.156" errors="0">
  <testcase name="AddProductLoginCheckout" time="74.156" classname="Scenarios.AddProductLoginCheckoutTest_Cheque"/>
</testsuite> <!-- Scenarios.AddProductLoginCheckoutTest_Cheque -->
