<?xml version="1.0" encoding="UTF-8"?>
<!-- Generated by org.testng.reporters.JUnitReportReporter -->
<testsuite hostname="MS-DT-056" name="Scenarios.AddProductLoginCheckoutTest" tests="1" failures="0" timestamp="15 Mar 2016 07:31:49 GMT" time="107.757" errors="0">
  <testcase name="AddProductLoginCheckout" time="107.757" classname="Scenarios.AddProductLoginCheckoutTest"/>
</testsuite> <!-- Scenarios.AddProductLoginCheckoutTest -->
