<?xml version="1.0" encoding="UTF-8"?>
<!-- Generated by org.testng.reporters.JUnitReportReporter -->
<testsuite hostname="MS-DT-039" name="Functional.TMT_Steel.TMT_Steel_VerifyQuantityMeasureToggle" tests="1" failures="0" timestamp="11 May 2016 09:31:33 GMT" time="19.996" errors="0">
  <testcase name="quantityMeasureValidations" time="19.996" classname="Functional.TMT_Steel.TMT_Steel_VerifyQuantityMeasureToggle"/>
</testsuite> <!-- Functional.TMT_Steel.TMT_Steel_VerifyQuantityMeasureToggle -->
