<?xml version="1.0" encoding="UTF-8"?>
<!-- Generated by org.testng.reporters.JUnitReportReporter -->
<testsuite hostname="MS-DT-039" name="Functional.TMT_Steel.TMT_Steel_BrandWithProducts" tests="1" failures="0" timestamp="28 Apr 2016 09:11:13 GMT" time="23.288" errors="0">
  <testcase name="appProduct" time="23.288" classname="Functional.TMT_Steel.TMT_Steel_BrandWithProducts"/>
</testsuite> <!-- Functional.TMT_Steel.TMT_Steel_BrandWithProducts -->
