<?xml version="1.0" encoding="UTF-8"?>
<!-- Generated by org.testng.reporters.JUnitReportReporter -->
<testsuite hostname="MS-DT-056" name="SanityTest.AddProductsToCart" tests="1" failures="0" timestamp="28 Mar 2016 11:56:16 GMT" time="107.377" errors="0">
  <testcase name="AddProductLoginCheckout" time="107.377" classname="SanityTest.AddProductsToCart"/>
</testsuite> <!-- SanityTest.AddProductsToCart -->
