<?xml version="1.0" encoding="UTF-8"?>
<!-- Generated by org.testng.reporters.JUnitReportReporter -->
<testsuite hostname="MS-DT-039" name="Functional.TMT_Steel.TMT_Steel_FindProducts" tests="1" failures="0" timestamp="27 Apr 2016 09:20:44 GMT" time="20.498" errors="0">
  <testcase name="appProduct" time="20.498" classname="Functional.TMT_Steel.TMT_Steel_FindProducts"/>
</testsuite> <!-- Functional.TMT_Steel.TMT_Steel_FindProducts -->
