<?xml version="1.0" encoding="UTF-8"?>
<!-- Generated by org.testng.reporters.JUnitReportReporter -->
<testsuite hostname="MS-DT-039" name="SanityTest.TMTsteel" tests="1" failures="0" timestamp="22 Apr 2016 10:40:36 GMT" time="36.588" errors="0">
  <testcase name="tmtValidations" time="36.588" classname="SanityTest.TMTsteel"/>
</testsuite> <!-- SanityTest.TMTsteel -->
