<?xml version="1.0" encoding="UTF-8"?>
<!-- Generated by org.testng.reporters.JUnitReportReporter -->
<testsuite hostname="MS-DT-039" name="Functional.TMT_Steel.TMT_Steel_VerifyPricesQuantity" tests="1" failures="0" timestamp="16 May 2016 09:04:34 GMT" time="18.364" errors="0">
  <testcase name="validatePricesAndQuantity" time="18.364" classname="Functional.TMT_Steel.TMT_Steel_VerifyPricesQuantity"/>
</testsuite> <!-- Functional.TMT_Steel.TMT_Steel_VerifyPricesQuantity -->
