<?xml version="1.0" encoding="UTF-8"?>
<!-- Generated by org.testng.reporters.JUnitReportReporter -->
<testsuite hostname="MS-DT-039" name="SanityTest.CheckBoxTest" tests="1" failures="0" timestamp="19 Apr 2016 12:32:58 GMT" time="232.028" errors="0">
  <testcase name="verifyDiscount" time="232.028" classname="SanityTest.CheckBoxTest"/>
</testsuite> <!-- SanityTest.CheckBoxTest -->
