<?xml version="1.0" encoding="UTF-8"?>
<!-- Generated by org.testng.reporters.JUnitReportReporter -->
<testsuite hostname="MS-DT-056" name="Scenarios.AddProductLoginCheckoutTest_FirstFourOptions" tests="1" failures="0" timestamp="15 Mar 2016 10:43:43 GMT" time="166.410" errors="0">
  <testcase name="AddProductLoginCheckout" time="166.410" classname="Scenarios.AddProductLoginCheckoutTest_FirstFourOptions"/>
</testsuite> <!-- Scenarios.AddProductLoginCheckoutTest_FirstFourOptions -->
