<?xml version="1.0" encoding="UTF-8"?>
<!-- Generated by org.testng.reporters.JUnitReportReporter -->
<testsuite hostname="MS-DT-056" name="Scenarios.AddProductLoginCheckoutTest_CashOnDelivery" tests="1" failures="0" timestamp="16 Mar 2016 10:42:43 GMT" time="85.747" errors="0">
  <testcase name="AddProductLoginCheckout" time="85.747" classname="Scenarios.AddProductLoginCheckoutTest_CashOnDelivery"/>
</testsuite> <!-- Scenarios.AddProductLoginCheckoutTest_CashOnDelivery -->
