<?xml version="1.0" encoding="UTF-8"?>
<testsuite xmlns:xsi="http://www.w3.org/2001/XMLSchema-instance" xsi:schemaLocation="https://maven.apache.org/surefire/maven-surefire-plugin/xsd/surefire-test-report.xsd" name="TestSuite" time="1,430.867" tests="6" errors="0" skipped="0" failures="4">
  <properties>
    <property name="java.vendor" value="Oracle Corporation"/>
    <property name="JOB_NAME" value="Automation_version1_msupply_5"/>
    <property name="sun.java.launcher" value="SUN_STANDARD"/>
    <property name="NUMBER_OF_PROCESSORS" value="4"/>
    <property name="sun.management.compiler" value="HotSpot 64-Bit Tiered Compilers"/>
    <property name="JENKINS_HOME" value="C:\Users\Sandeep K\.jenkins"/>
    <property name="FPS_BROWSER_USER_PROFILE_STRING" value="Default"/>
    <property name="HUDSON_SERVER_COOKIE" value="544c3ce7ff0429b3"/>
    <property name="POM_ARTIFACTID" value="msupply_5"/>
    <property name="os.name" value="Windows 10"/>
    <property name="sun.boot.class.path" value="C:\Program Files\Java\jdk1.8.0_73\jre\lib\resources.jar;C:\Program Files\Java\jdk1.8.0_73\jre\lib\rt.jar;C:\Program Files\Java\jdk1.8.0_73\jre\lib\sunrsasign.jar;C:\Program Files\Java\jdk1.8.0_73\jre\lib\jsse.jar;C:\Program Files\Java\jdk1.8.0_73\jre\lib\jce.jar;C:\Program Files\Java\jdk1.8.0_73\jre\lib\charsets.jar;C:\Program Files\Java\jdk1.8.0_73\jre\lib\jfr.jar;C:\Program Files\Java\jdk1.8.0_73\jre\classes"/>
    <property name="EXECUTOR_NUMBER" value="0"/>
    <property name="sun.desktop" value="windows"/>
    <property name="PATHEXT" value=".COM;.EXE;.BAT;.CMD;.VBS;.VBE;.JS;.JSE;.WSF;.WSH;.MSC"/>
    <property name="java.vm.specification.vendor" value="Oracle Corporation"/>
    <property name="POM_DISPLAYNAME" value="msupply_5"/>
    <property name="NODE_LABELS" value="master"/>
    <property name="TEMP" value="C:\Users\SANDEE~1\AppData\Local\Temp"/>
    <property name="java.runtime.version" value="1.8.0_73-b02"/>
    <property name="FPS_BROWSER_APP_PROFILE_STRING" value="Internet Explorer"/>
    <property name="user.name" value="Sandeep K"/>
    <property name="guice.disable.misplaced.annotation.check" value="true"/>
    <property name="CommonProgramW6432" value="C:\Program Files\Common Files"/>
    <property name="ProgramFiles" value="C:\Program Files"/>
    <property name="PROMPT" value="$P$G"/>
    <property name="user.language" value="en"/>
    <property name="BUILD_DISPLAY_NAME" value="#51"/>
    <property name="sun.boot.library.path" value="C:\Program Files\Java\jdk1.8.0_73\jre\bin"/>
    <property name="LOCALAPPDATA" value="C:\Users\Sandeep K\AppData\Local"/>
    <property name="java.version" value="1.8.0_73"/>
    <property name="PROCESSOR_LEVEL" value="6"/>
    <property name="user.timezone" value="Asia/Calcutta"/>
    <property name="USERNAME" value="Sandeep K"/>
    <property name="sun.arch.data.model" value="64"/>
    <property name="NODE_NAME" value="master"/>
    <property name="java.endorsed.dirs" value="C:\Program Files\Java\jdk1.8.0_73\jre\lib\endorsed"/>
    <property name="BUILD_ID" value="51"/>
    <property name="sun.cpu.isalist" value="amd64"/>
    <property name="sun.jnu.encoding" value="Cp1252"/>
    <property name="file.encoding.pkg" value="sun.io"/>
    <property name="file.separator" value="\"/>
    <property name="java.specification.name" value="Java Platform API Specification"/>
    <property name="HOMEDRIVE" value="C:"/>
    <property name="java.class.version" value="52.0"/>
    <property name="=::" value="::\"/>
    <property name="org.slf4j.simpleLogger.defaultLogLevel" value="info"/>
    <property name="user.country" value="IN"/>
    <property name="ALLUSERSPROFILE" value="C:\ProgramData"/>
    <property name="java.home" value="C:\Program Files\Java\jdk1.8.0_73\jre"/>
    <property name="java.vm.info" value="mixed mode"/>
    <property name="os.version" value="10.0"/>
    <property name="POM_VERSION" value="0.0.1-SNAPSHOT"/>
    <property name="TMP" value="C:\Users\SANDEE~1\AppData\Local\Temp"/>
    <property name="path.separator" value=";"/>
    <property name="java.vm.version" value="25.73-b02"/>
    <property name="user.variant" value=""/>
    <property name="CommonProgramFiles(x86)" value="C:\Program Files (x86)\Common Files"/>
    <property name="USERDOMAIN_ROAMINGPROFILE" value="MS-DT-056"/>
    <property name="java.awt.printerjob" value="sun.awt.windows.WPrinterJob"/>
    <property name="JAVA_HOME" value="C:\Program Files\Java\jdk1.8.0_73"/>
    <property name="sun.io.unicode.encoding" value="UnicodeLittle"/>
    <property name="CommonProgramFiles" value="C:\Program Files\Common Files"/>
    <property name="ComSpec" value="C:\Windows\system32\cmd.exe"/>
    <property name="HOMEPATH" value="\Users\Sandeep K"/>
    <property name="awt.toolkit" value="sun.awt.windows.WToolkit"/>
    <property name="POM_PACKAGING" value="jar"/>
    <property name="COMPUTERNAME" value="MS-DT-056"/>
    <property name="user.script" value=""/>
    <property name="POM_GROUPID" value="Project"/>
    <property name="PUBLIC" value="C:\Users\Public"/>
    <property name="user.home" value="C:\Users\Sandeep K"/>
    <property name="BUILD_TAG" value="jenkins-Automation_version1_msupply_5-51"/>
    <property name="JENKINS_SERVER_COOKIE" value="544c3ce7ff0429b3"/>
    <property name="HUDSON_URL" value="http://localhost:8080/"/>
    <property name="ProgramData" value="C:\ProgramData"/>
    <property name="java.specification.vendor" value="Oracle Corporation"/>
    <property name="USERPROFILE" value="C:\Users\Sandeep K"/>
    <property name="CLASSPATH" value=""/>
    <property name="java.vendor.url" value="http://java.oracle.com/"/>
    <property name="java.library.path" value="C:\Program Files\Java\jdk1.8.0_73\bin;C:\Windows\Sun\Java\bin;C:\Windows\system32;C:\Windows;D:\Installed Softwares\apache-maven-3.3.9/bin;C:\Program Files\Java\jdk1.8.0_73/bin;C:\Program Files\Java\jdk1.8.0_73/bin;C:\ProgramData\Oracle\Java\javapath;C:\Program Files (x86)\Intel\iCLS Client\;C:\Program Files\Intel\iCLS Client\;C:\Windows\system32;C:\Windows;C:\Windows\System32\Wbem;C:\Windows\System32\WindowsPowerShell\v1.0\;C:\Program Files (x86)\Intel\Intel(R) Management Engine Components\DAL;C:\Program Files\Intel\Intel(R) Management Engine Components\DAL;C:\Program Files (x86)\Intel\Intel(R) Management Engine Components\IPT;C:\Program Files\Intel\Intel(R) Management Engine Components\IPT;C:\Program Files\Java\jdk1.8.0_73\bin;D:\Installed Softwares\apache-maven-3.3.9\bin;C:\Program Files (x86)\Google\Chrome\Application;C:\ProgramData\Oracle\Java\javapath;C:\Program Files (x86)\Intel\iCLS Client\;C:\Program Files\Intel\iCLS Client\;C:\Windows\system32;C:\Windows;C:\Windows\System32\Wbem;C:\Windows\System32\WindowsPowerShell\v1.0\;C:\Program Files (x86)\Intel\Intel(R) Management Engine Components\DAL;C:\Program Files\Intel\Intel(R) Management Engine Components\DAL;C:\Program Files (x86)\Intel\Intel(R) Management Engine Components\IPT;C:\Program Files\Intel\Intel(R) Management Engine Components\IPT;C:\Program Files\Java\jdk1.8.0_73\bin;D:\Installed Softwares\apache-maven-3.3.9\bin;."/>
    <property name="java.vm.vendor" value="Oracle Corporation"/>
    <property name="APPDATA" value="C:\Users\Sandeep K\AppData\Roaming"/>
    <property name="java.runtime.name" value="Java(TM) SE Runtime Environment"/>
    <property name="maven.home" value="D:\Installed Softwares\apache-maven-3.3.9"/>
    <property name="java.class.path" value="C:\Users\Sandeep K\.jenkins\plugins\maven-plugin\WEB-INF\lib\maven31-agent-1.5.jar;D:\Installed Softwares\apache-maven-3.3.9\boot\plexus-classworlds-2.5.2.jar;D:\Installed Softwares\apache-maven-3.3.9/conf/logging"/>
    <property name="sun.java.command" value="jenkins.maven3.agent.Maven31Main D:\Installed Softwares\apache-maven-3.3.9 C:\Users\Sandeep K\.jenkins\war\WEB-INF\lib\remoting-2.56.jar C:\Users\Sandeep K\.jenkins\plugins\maven-plugin\WEB-INF\lib\maven31-interceptor-1.5.jar C:\Users\Sandeep K\.jenkins\plugins\maven-plugin\WEB-INF\lib\maven3-interceptor-commons-1.5.jar 61047"/>
    <property name="Path" value="C:\Program Files\Java\jdk1.8.0_73/bin;C:\ProgramData\Oracle\Java\javapath;C:\Program Files (x86)\Intel\iCLS Client\;C:\Program Files\Intel\iCLS Client\;C:\Windows\system32;C:\Windows;C:\Windows\System32\Wbem;C:\Windows\System32\WindowsPowerShell\v1.0\;C:\Program Files (x86)\Intel\Intel(R) Management Engine Components\DAL;C:\Program Files\Intel\Intel(R) Management Engine Components\DAL;C:\Program Files (x86)\Intel\Intel(R) Management Engine Components\IPT;C:\Program Files\Intel\Intel(R) Management Engine Components\IPT;C:\Program Files\Java\jdk1.8.0_73\bin;D:\Installed Softwares\apache-maven-3.3.9\bin;C:\Program Files (x86)\Google\Chrome\Application;C:\ProgramData\Oracle\Java\javapath;C:\Program Files (x86)\Intel\iCLS Client\;C:\Program Files\Intel\iCLS Client\;C:\Windows\system32;C:\Windows;C:\Windows\System32\Wbem;C:\Windows\System32\WindowsPowerShell\v1.0\;C:\Program Files (x86)\Intel\Intel(R) Management Engine Components\DAL;C:\Program Files\Intel\Intel(R) Management Engine Components\DAL;C:\Program Files (x86)\Intel\Intel(R) Management Engine Components\IPT;C:\Program Files\Intel\Intel(R) Management Engine Components\IPT;C:\Program Files\Java\jdk1.8.0_73\bin;D:\Installed Softwares\apache-maven-3.3.9\bin"/>
    <property name="java.vm.specification.name" value="Java Virtual Machine Specification"/>
    <property name="PROCESSOR_ARCHITECTURE" value="AMD64"/>
    <property name="PATH+JDK" value="C:\Program Files\Java\jdk1.8.0_73/bin"/>
    <property name="PROCESSOR_IDENTIFIER" value="Intel64 Family 6 Model 60 Stepping 3, GenuineIntel"/>
    <property name="SESSIONNAME" value="Console"/>
    <property name="java.vm.specification.version" value="1.8"/>
    <property name="sun.os.patch.level" value=""/>
    <property name="sun.cpu.endian" value="little"/>
    <property name="M2_HOME" value="D:\Installed Softwares\apache-maven-3.3.9"/>
    <property name="=D:" value="D:\Installed Softwares\Jenkins"/>
    <property name="java.io.tmpdir" value="C:\Users\SANDEE~1\AppData\Local\Temp\"/>
    <property name="OS" value="Windows_NT"/>
    <property name="HUDSON_HOME" value="C:\Users\Sandeep K\.jenkins"/>
    <property name="PATH+MAVEN" value="D:\Installed Softwares\apache-maven-3.3.9/bin"/>
    <property name="ProgramFiles(x86)" value="C:\Program Files (x86)"/>
    <property name="BUILD_URL" value="http://localhost:8080/job/Automation_version1_msupply_5/51/"/>
    <property name="java.vendor.url.bug" value="http://bugreport.sun.com/bugreport/"/>
    <property name="java.awt.graphicsenv" value="sun.awt.Win32GraphicsEnvironment"/>
    <property name="os.arch" value="amd64"/>
    <property name="SystemRoot" value="C:\Windows"/>
    <property name="java.ext.dirs" value="C:\Program Files\Java\jdk1.8.0_73\jre\lib\ext;C:\Windows\Sun\Java\lib\ext"/>
    <property name="user.dir" value="D:\Git_Selenium_WorkSpace\runnable_test_repo\msupply_5"/>
    <property name="JOB_URL" value="http://localhost:8080/job/Automation_version1_msupply_5/"/>
    <property name="LOGONSERVER" value="\\MS-DT-056"/>
    <property name="USERDOMAIN" value="MS-DT-056"/>
    <property name="line.separator" value="&#10;"/>
    <property name="MAVEN_HOME" value="D:\Installed Softwares\apache-maven-3.3.9"/>
    <property name="java.vm.name" value="Java HotSpot(TM) 64-Bit Server VM"/>
    <property name="BUILD_NUMBER" value="51"/>
    <property name="JENKINS_URL" value="http://localhost:8080/"/>
    <property name="PROCESSOR_REVISION" value="3c03"/>
    <property name="ProgramW6432" value="C:\Program Files"/>
    <property name="windir" value="C:\Windows"/>
    <property name="file.encoding" value="Cp1252"/>
    <property name="SystemDrive" value="C:"/>
    <property name="maven3.interceptor" value="C:\Users\Sandeep K\.jenkins\plugins\maven-plugin\WEB-INF\lib\maven31-interceptor-1.5.jar"/>
    <property name="WORKSPACE" value="C:\Users\Sandeep K\.jenkins\workspace\Automation_version1_msupply_5"/>
    <property name="maven3.interceptor.common" value="C:\Users\Sandeep K\.jenkins\plugins\maven-plugin\WEB-INF\lib\maven3-interceptor-commons-1.5.jar"/>
    <property name="java.specification.version" value="1.8"/>
    <property name="PSModulePath" value="C:\Program Files\WindowsPowerShell\Modules;C:\Windows\system32\WindowsPowerShell\v1.0\Modules"/>
  </properties>
  <testcase name="HomePage_verification" classname="SanityTest.Homepage_Test" time="699.353">
    <failure message="Unable to locate element: {&quot;method&quot;:&quot;xpath&quot;,&quot;selector&quot;:&quot;//*[@id=&apos;popzip&apos;]&quot;}&#10;Command duration or timeout: 37.71 seconds&#10;For documentation on this error, please visit: http://seleniumhq.org/exceptions/no_such_element.html&#10;Build info: version: &apos;2.53.0&apos;, revision: &apos;35ae25b1534ae328c771e0856c93e187490ca824&apos;, time: &apos;2016-03-15 10:43:46&apos;&#10;System info: host: &apos;MS-DT-056&apos;, ip: &apos;10.1.2.253&apos;, os.name: &apos;Windows 10&apos;, os.arch: &apos;amd64&apos;, os.version: &apos;10.0&apos;, java.version: &apos;1.8.0_73&apos;&#10;Driver info: org.openqa.selenium.firefox.FirefoxDriver&#10;Capabilities [{applicationCacheEnabled=true, rotatable=false, handlesAlerts=true, databaseEnabled=true, version=46.0.1, platform=WINDOWS, nativeEvents=false, acceptSslCerts=true, webStorageEnabled=true, locationContextEnabled=true, browserName=firefox, takesScreenshot=true, javascriptEnabled=true, cssSelectorsEnabled=true}]&#10;Session ID: 6607a051-297e-4ecf-9505-2ce7ec20d7a6&#10;*** Element info: {Using=xpath, value=//*[@id=&apos;popzip&apos;]}" type="org.openqa.selenium.NoSuchElementException">org.openqa.selenium.NoSuchElementException: 
Unable to locate element: {"method":"xpath","selector":"//*[@id='popzip']"}
Command duration or timeout: 37.71 seconds
For documentation on this error, please visit: http://seleniumhq.org/exceptions/no_such_element.html
Build info: version: '2.53.0', revision: '35ae25b1534ae328c771e0856c93e187490ca824', time: '2016-03-15 10:43:46'
System info: host: 'MS-DT-056', ip: '10.1.2.253', os.name: 'Windows 10', os.arch: 'amd64', os.version: '10.0', java.version: '1.8.0_73'
Driver info: org.openqa.selenium.firefox.FirefoxDriver
Capabilities [{applicationCacheEnabled=true, rotatable=false, handlesAlerts=true, databaseEnabled=true, version=46.0.1, platform=WINDOWS, nativeEvents=false, acceptSslCerts=true, webStorageEnabled=true, locationContextEnabled=true, browserName=firefox, takesScreenshot=true, javascriptEnabled=true, cssSelectorsEnabled=true}]
Session ID: 6607a051-297e-4ecf-9505-2ce7ec20d7a6
*** Element info: {Using=xpath, value=//*[@id='popzip']}
	at SanityTest.Homepage_Test.HomePage_verification(Homepage_Test.java:44)
Caused by: org.openqa.selenium.NoSuchElementException: 
Unable to locate element: {"method":"xpath","selector":"//*[@id='popzip']"}
For documentation on this error, please visit: http://seleniumhq.org/exceptions/no_such_element.html
Build info: version: '2.53.0', revision: '35ae25b1534ae328c771e0856c93e187490ca824', time: '2016-03-15 10:43:46'
System info: host: 'MS-DT-056', ip: '10.1.2.253', os.name: 'Windows 10', os.arch: 'amd64', os.version: '10.0', java.version: '1.8.0_73'
Driver info: driver.version: unknown
</failure>
    <system-out><![CDATA[0    [2016-06-01 21:00:15,417] [INFO ] [Scenarios.Scenario1Test ] - Sanity TestCase - HomePage verification
623  [2016-06-01 21:00:16,040] [INFO ] [POM.HomePage ] - Clicked on Close Button - POPUP
ServiceProvidervalue=Some of our Service Providers
355622 [2016-06-01 21:06:11,039] [INFO ] [POM.HomePage ] - ............Clicked on About Us link.........
362281 [2016-06-01 21:06:17,698] [INFO ] [POM.HomePage ] - ............Clicked on Our Team link.........
369265 [2016-06-01 21:06:24,682] [INFO ] [POM.HomePage ] - ............Clicked on Our Investors link.........
376516 [2016-06-01 21:06:31,933] [INFO ] [POM.HomePage ] - ............Clicked on Careers link.........
384038 [2016-06-01 21:06:39,455] [INFO ] [POM.HomePage ] - ............Clicked on Returns & Cancellations link.........
390648 [2016-06-01 21:06:46,065] [INFO ] [POM.HomePage ] - ............Clicked on Terms & Conditions link.........
397288 [2016-06-01 21:06:52,705] [INFO ] [POM.HomePage ] - ............Clicked on FAQs link.........
404523 [2016-06-01 21:06:59,940] [INFO ] [POM.HomePage ] - ............Clicked on Sell on mSupply link.........
411226 [2016-06-01 21:07:06,643] [INFO ] [POM.HomePage ] - ............Clicked on Contact Us link.........
647673 [2016-06-01 21:11:03,090] [INFO ] [POM.HomePage ] - ............Selecting Product from Navigation.........
649625 [2016-06-01 21:11:05,042] [INFO ] [POM.HomePage ] - Moved to : Buildingmaterial_Cement_PPC
656527 [2016-06-01 21:11:11,944] [INFO ] [POM.HomePage ] - Moved to : Buildingmaterial_Cement_PPC_Nagarjuna
]]></system-out>
  </testcase>
  <testcase name="AddProduct" classname="SanityTest.AddProductsToCart_Test" time="175.802"/>
  <testcase name="PlaceOrder_CashOnDelivery" classname="SanityTest.PlaceOrder_Cheque_Test" time="67.833">
    <failure message="Unable to locate element: {&quot;method&quot;:&quot;xpath&quot;,&quot;selector&quot;:&quot;//div[@id=&apos;seller_choosen&apos;]/div/div[3]/button[2]&quot;}&#10;Command duration or timeout: 30.02 seconds&#10;For documentation on this error, please visit: http://seleniumhq.org/exceptions/no_such_element.html&#10;Build info: version: &apos;2.53.0&apos;, revision: &apos;35ae25b1534ae328c771e0856c93e187490ca824&apos;, time: &apos;2016-03-15 10:43:46&apos;&#10;System info: host: &apos;MS-DT-056&apos;, ip: &apos;10.1.2.253&apos;, os.name: &apos;Windows 10&apos;, os.arch: &apos;amd64&apos;, os.version: &apos;10.0&apos;, java.version: &apos;1.8.0_73&apos;&#10;Driver info: org.openqa.selenium.firefox.FirefoxDriver&#10;Capabilities [{applicationCacheEnabled=true, rotatable=false, handlesAlerts=true, databaseEnabled=true, version=46.0.1, platform=WINDOWS, nativeEvents=false, acceptSslCerts=true, webStorageEnabled=true, locationContextEnabled=true, browserName=firefox, takesScreenshot=true, javascriptEnabled=true, cssSelectorsEnabled=true}]&#10;Session ID: 8470c458-dae4-46f8-ab45-1cdde1b9e693&#10;*** Element info: {Using=xpath, value=//div[@id=&apos;seller_choosen&apos;]/div/div[3]/button[2]}" type="org.openqa.selenium.NoSuchElementException">org.openqa.selenium.NoSuchElementException: 
Unable to locate element: {"method":"xpath","selector":"//div[@id='seller_choosen']/div/div[3]/button[2]"}
Command duration or timeout: 30.02 seconds
For documentation on this error, please visit: http://seleniumhq.org/exceptions/no_such_element.html
Build info: version: '2.53.0', revision: '35ae25b1534ae328c771e0856c93e187490ca824', time: '2016-03-15 10:43:46'
System info: host: 'MS-DT-056', ip: '10.1.2.253', os.name: 'Windows 10', os.arch: 'amd64', os.version: '10.0', java.version: '1.8.0_73'
Driver info: org.openqa.selenium.firefox.FirefoxDriver
Capabilities [{applicationCacheEnabled=true, rotatable=false, handlesAlerts=true, databaseEnabled=true, version=46.0.1, platform=WINDOWS, nativeEvents=false, acceptSslCerts=true, webStorageEnabled=true, locationContextEnabled=true, browserName=firefox, takesScreenshot=true, javascriptEnabled=true, cssSelectorsEnabled=true}]
Session ID: 8470c458-dae4-46f8-ab45-1cdde1b9e693
*** Element info: {Using=xpath, value=//div[@id='seller_choosen']/div/div[3]/button[2]}
	at SanityTest.PlaceOrder_Cheque_Test.PlaceOrder_CashOnDelivery(PlaceOrder_Cheque_Test.java:27)
Caused by: org.openqa.selenium.NoSuchElementException: 
Unable to locate element: {"method":"xpath","selector":"//div[@id='seller_choosen']/div/div[3]/button[2]"}
For documentation on this error, please visit: http://seleniumhq.org/exceptions/no_such_element.html
Build info: version: '2.53.0', revision: '35ae25b1534ae328c771e0856c93e187490ca824', time: '2016-03-15 10:43:46'
System info: host: 'MS-DT-056', ip: '10.1.2.253', os.name: 'Windows 10', os.arch: 'amd64', os.version: '10.0', java.version: '1.8.0_73'
Driver info: driver.version: unknown
</failure>
    <system-out><![CDATA[894662 [2016-06-01 21:15:10,079] [INFO ] [Scenarios.Scenario1Test ] - Testcase - Place Order through Cash on Delivery
894850 [2016-06-01 21:15:10,267] [INFO ] [POM.HomePage ] - ............Clicked on Close Button on HomePage Popup.........
894850 [2016-06-01 21:15:10,267] [INFO ] [POM.HomePage ] - ............Selecting Product from Navigation.........
894850 [2016-06-01 21:15:10,267] [INFO ] [POM.HomePage ] - ............Selecting Electrical Product from Search Box.........
894982 [2016-06-01 21:15:10,399] [INFO ] [POM.HomePage ] - Moved to : SearchBox and entering value Electrical
916175 [2016-06-01 21:15:31,592] [INFO ] [POM.HomePage ] - Moved to : Clicked on a Electrical Product
916316 [2016-06-01 21:15:31,733] [INFO ] [POM.HomePage ] - Moved to : zipcode_popup
916832 [2016-06-01 21:15:32,249] [INFO ] [POM.HomePage ] - Clicked on zipcode_popup_Go Button
]]></system-out>
  </testcase>
  <testcase name="Product_MOQ_Verification" classname="SanityTest.Product_MOQ_Verification_Test" time="174.845"/>
  <testcase name="ServiceChargeCalculation_KartPage" classname="SanityTest.ServiceChargeCalculation_KartPage_Test" time="139.987">
    <failure message="expected [17123] but found [17122]" type="java.lang.AssertionError">java.lang.AssertionError: expected [17123] but found [17122]
	at SanityTest.ServiceChargeCalculation_KartPage_Test.ServiceChargeCalculation_KartPage(ServiceChargeCalculation_KartPage_Test.java:36)
</failure>
    <system-out><![CDATA[1135368 [2016-06-01 21:19:10,785] [INFO ] [Scenarios.Scenario1Test ] - Sanity TestCase - ServiceChargeCalculation_KartPage
1135564 [2016-06-01 21:19:10,981] [INFO ] [POM.HomePage ] - Clicked on POPup Close Button
1135564 [2016-06-01 21:19:10,981] [INFO ] [POM.HomePage ] - ------------------------------------------------
1135564 [2016-06-01 21:19:10,981] [INFO ] [POM.HomePage ] - ............Selecting RMC Product from Navigation.........
1141031 [2016-06-01 21:19:16,448] [INFO ] [POM.HomePage ] - Moved to : Buildingmaterial RMC Product
1148279 [2016-06-01 21:19:23,696] [INFO ] [POM.HomePage ] - Moved to : BuildingMaterial_RMC_ConcreteBag
Lafarge India Private Ltd
560064
143
6
1165349 [2016-06-01 21:19:40,766] [INFO ] [POM.HomePage ] - Product 1 added and Moved to : Kart Page 
1177639 [2016-06-01 21:19:53,056] [INFO ] [POM.ShoppingCartPage ] - unitprice=143VAT=14.5Quantity=6SubTotal858
1177639 [2016-06-01 21:19:53,056] [INFO ] [POM.ShoppingCartPage ] - Assert Passed for Kart Table : SubTotal and CalculatedSubToatal is Same
1207853 [2016-06-01 21:20:23,270] [INFO ] [POM.ShoppingCartPage ] - unitprice=143Quantity=6SubTotal858
1207853 [2016-06-01 21:20:23,270] [INFO ] [POM.ShoppingCartPage ] - Verifing Product details and cart page
1207913 [2016-06-01 21:20:23,330] [INFO ] [POM.ShoppingCartPage ] - Product Name from product details page and Shopping cart page is same
1207966 [2016-06-01 21:20:23,383] [INFO ] [POM.ShoppingCartPage ] - Seller Name from product details page and Shopping cart page is same
1208021 [2016-06-01 21:20:23,438] [INFO ] [POM.ShoppingCartPage ] - Pincode from product details page and Shopping cart page is same
1208021 [2016-06-01 21:20:23,438] [INFO ] [POM.ShoppingCartPage ] - Unit Pricing from product details page and Shopping cart page is same
1208021 [2016-06-01 21:20:23,438] [INFO ] [POM.ShoppingCartPage ] - Quantity from product details page and Shopping cart page is same
1208021 [2016-06-01 21:20:23,438] [INFO ] [POM.ShoppingCartPage ] - SubTotal from product details page and Shopping cart page is same
1208244 [2016-06-01 21:20:23,661] [INFO ] [POM.ShoppingCartPage ] - Assert Passed for List Table : SubTotal from Kart Section and List Section is Same
98.67
1208244 [2016-06-01 21:20:23,661] [INFO ] [POM.ShoppingCartPage ] - Assert Passed for Service charges List Table : Calculated Service is98
1208244 [2016-06-01 21:20:23,661] [INFO ] [POM.ShoppingCartPage ] - Assert Passed for GranTotal List Table : Calculated GrandTotal is956
1208244 [2016-06-01 21:20:23,661] [INFO ] [POM.HomePage ] - .................................................
1208244 [2016-06-01 21:20:23,661] [INFO ] [POM.HomePage ] - ............Selecting Product from Navigation.........
1210193 [2016-06-01 21:20:25,610] [INFO ] [POM.HomePage ] - Moved to : Buildingmaterial_Cement_PPC
1217601 [2016-06-01 21:20:33,018] [INFO ] [POM.HomePage ] - Moved to : Buildingmaterial_Cement_PPC_Nagarjuna
Deva Associates
560064
313
50
1226824 [2016-06-01 21:20:42,241] [INFO ] [POM.HomePage ] - Product 2 added and Moved to : Kart Page 
1239106 [2016-06-01 21:20:54,523] [INFO ] [POM.ShoppingCartPage ] - unitprice=143VAT=14.5Quantity=6SubTotal858
1239106 [2016-06-01 21:20:54,523] [INFO ] [POM.ShoppingCartPage ] - Assert Passed for Kart Table : SubTotal and CalculatedSubToatal is Same
1239434 [2016-06-01 21:20:54,851] [INFO ] [POM.ShoppingCartPage ] - unitprice=313VAT=14.5Quantity=50SubTotal15650
1239434 [2016-06-01 21:20:54,851] [INFO ] [POM.ShoppingCartPage ] - Assert Passed for Kart Table : SubTotal and CalculatedSubToatal is Same
1269648 [2016-06-01 21:21:25,065] [INFO ] [POM.ShoppingCartPage ] - unitprice=313Quantity=50SubTotal15650
1269648 [2016-06-01 21:21:25,065] [INFO ] [POM.ShoppingCartPage ] - Verifing Product details and cart page
1269709 [2016-06-01 21:21:25,126] [INFO ] [POM.ShoppingCartPage ] - Product Name from product details page and Shopping cart page is same
1269766 [2016-06-01 21:21:25,183] [INFO ] [POM.ShoppingCartPage ] - Seller Name from product details page and Shopping cart page is same
1269823 [2016-06-01 21:21:25,240] [INFO ] [POM.ShoppingCartPage ] - Pincode from product details page and Shopping cart page is same
1269823 [2016-06-01 21:21:25,240] [INFO ] [POM.ShoppingCartPage ] - Unit Pricing from product details page and Shopping cart page is same
1269823 [2016-06-01 21:21:25,240] [INFO ] [POM.ShoppingCartPage ] - Quantity from product details page and Shopping cart page is same
1269823 [2016-06-01 21:21:25,240] [INFO ] [POM.ShoppingCartPage ] - SubTotal from product details page and Shopping cart page is same
1270048 [2016-06-01 21:21:25,465] [INFO ] [POM.ShoppingCartPage ] - Assert Passed for List Table : SubTotal from Kart Section and List Section is Same
115.0
1270049 [2016-06-01 21:21:25,466] [INFO ] [POM.ShoppingCartPage ] - Assert Passed for Service charges List Table : Calculated Service is115
]]></system-out>
  </testcase>
  <testcase name="PaymentMethods_Verification" classname="SanityTest.PaymentMethods_Verification_Test" time="145.4">
    <failure message="expected [17123] but found [17122]" type="java.lang.AssertionError">java.lang.AssertionError: expected [17123] but found [17122]
	at SanityTest.PaymentMethods_Verification_Test.PaymentMethods_Verification(PaymentMethods_Verification_Test.java:25)
</failure>
    <system-out><![CDATA[D:\Git_Selenium_WorkSpace\runnable_test_repo\msupply_5
1279785 [2016-06-01 21:21:35,202] [INFO ] [Scenarios.Scenario1Test ] - Sanity TestCase - PaymentMethods verification
1279962 [2016-06-01 21:21:35,379] [INFO ] [POM.HomePage ] - Clicked on POPup Close Button
1279962 [2016-06-01 21:21:35,379] [INFO ] [POM.HomePage ] - ------------------------------------------------
1279962 [2016-06-01 21:21:35,379] [INFO ] [POM.HomePage ] - ............Selecting RMC Product from Navigation.........
1285519 [2016-06-01 21:21:40,936] [INFO ] [POM.HomePage ] - Moved to : Buildingmaterial RMC Product
1293761 [2016-06-01 21:21:49,178] [INFO ] [POM.HomePage ] - Moved to : BuildingMaterial_RMC_ConcreteBag
Lafarge India Private Ltd
560064
143
6
1315602 [2016-06-01 21:22:11,019] [INFO ] [POM.HomePage ] - Product 1 added and Moved to : Kart Page 
1327894 [2016-06-01 21:22:23,311] [INFO ] [POM.ShoppingCartPage ] - unitprice=143VAT=14.5Quantity=6SubTotal858
1327894 [2016-06-01 21:22:23,311] [INFO ] [POM.ShoppingCartPage ] - Assert Passed for Kart Table : SubTotal and CalculatedSubToatal is Same
1358079 [2016-06-01 21:22:53,496] [INFO ] [POM.ShoppingCartPage ] - unitprice=143Quantity=6SubTotal858
1358079 [2016-06-01 21:22:53,496] [INFO ] [POM.ShoppingCartPage ] - Verifing Product details and cart page
1358139 [2016-06-01 21:22:53,556] [INFO ] [POM.ShoppingCartPage ] - Product Name from product details page and Shopping cart page is same
1358189 [2016-06-01 21:22:53,606] [INFO ] [POM.ShoppingCartPage ] - Seller Name from product details page and Shopping cart page is same
1358248 [2016-06-01 21:22:53,665] [INFO ] [POM.ShoppingCartPage ] - Pincode from product details page and Shopping cart page is same
1358248 [2016-06-01 21:22:53,665] [INFO ] [POM.ShoppingCartPage ] - Unit Pricing from product details page and Shopping cart page is same
1358248 [2016-06-01 21:22:53,665] [INFO ] [POM.ShoppingCartPage ] - Quantity from product details page and Shopping cart page is same
1358248 [2016-06-01 21:22:53,665] [INFO ] [POM.ShoppingCartPage ] - SubTotal from product details page and Shopping cart page is same
1358465 [2016-06-01 21:22:53,882] [INFO ] [POM.ShoppingCartPage ] - Assert Passed for List Table : SubTotal from Kart Section and List Section is Same
98.67
1358465 [2016-06-01 21:22:53,882] [INFO ] [POM.ShoppingCartPage ] - Assert Passed for Service charges List Table : Calculated Service is98
1358465 [2016-06-01 21:22:53,882] [INFO ] [POM.ShoppingCartPage ] - Assert Passed for GranTotal List Table : Calculated GrandTotal is956
1358465 [2016-06-01 21:22:53,882] [INFO ] [POM.HomePage ] - .................................................
1358465 [2016-06-01 21:22:53,882] [INFO ] [POM.HomePage ] - ............Selecting Product from Navigation.........
1360403 [2016-06-01 21:22:55,820] [INFO ] [POM.HomePage ] - Moved to : Buildingmaterial_Cement_PPC
1367694 [2016-06-01 21:23:03,111] [INFO ] [POM.HomePage ] - Moved to : Buildingmaterial_Cement_PPC_Nagarjuna
Deva Associates
560064
313
50
1376776 [2016-06-01 21:23:12,193] [INFO ] [POM.HomePage ] - Product 2 added and Moved to : Kart Page 
1389070 [2016-06-01 21:23:24,487] [INFO ] [POM.ShoppingCartPage ] - unitprice=143VAT=14.5Quantity=6SubTotal858
1389070 [2016-06-01 21:23:24,487] [INFO ] [POM.ShoppingCartPage ] - Assert Passed for Kart Table : SubTotal and CalculatedSubToatal is Same
1389331 [2016-06-01 21:23:24,748] [INFO ] [POM.ShoppingCartPage ] - unitprice=313VAT=14.5Quantity=50SubTotal15650
1389331 [2016-06-01 21:23:24,748] [INFO ] [POM.ShoppingCartPage ] - Assert Passed for Kart Table : SubTotal and CalculatedSubToatal is Same
1419532 [2016-06-01 21:23:54,949] [INFO ] [POM.ShoppingCartPage ] - unitprice=313Quantity=50SubTotal15650
1419532 [2016-06-01 21:23:54,949] [INFO ] [POM.ShoppingCartPage ] - Verifing Product details and cart page
1419593 [2016-06-01 21:23:55,010] [INFO ] [POM.ShoppingCartPage ] - Product Name from product details page and Shopping cart page is same
1419648 [2016-06-01 21:23:55,065] [INFO ] [POM.ShoppingCartPage ] - Seller Name from product details page and Shopping cart page is same
1419711 [2016-06-01 21:23:55,128] [INFO ] [POM.ShoppingCartPage ] - Pincode from product details page and Shopping cart page is same
1419711 [2016-06-01 21:23:55,128] [INFO ] [POM.ShoppingCartPage ] - Unit Pricing from product details page and Shopping cart page is same
1419711 [2016-06-01 21:23:55,128] [INFO ] [POM.ShoppingCartPage ] - Quantity from product details page and Shopping cart page is same
1419711 [2016-06-01 21:23:55,128] [INFO ] [POM.ShoppingCartPage ] - SubTotal from product details page and Shopping cart page is same
1419936 [2016-06-01 21:23:55,353] [INFO ] [POM.ShoppingCartPage ] - Assert Passed for List Table : SubTotal from Kart Section and List Section is Same
115.0
1419936 [2016-06-01 21:23:55,353] [INFO ] [POM.ShoppingCartPage ] - Assert Passed for Service charges List Table : Calculated Service is115
]]></system-out>
  </testcase>
</testsuite>